# JRE version: OpenJDK Runtime Environment (21.0.3) (build 21.0.3+-12282718-b509.11)
# Java VM: OpenJDK 64-Bit Server VM (21.0.3+-12282718-b509.11, mixed mode, tiered, compressed oops, compressed class ptrs, g1 gc, windows-amd64)
GC Precious Log:
 CardTable entry size: 512
 Card Set container configuration: InlinePtr #cards 5 size 8 Array Of Cards #cards 12 size 40 Howl #buckets 4 coarsen threshold 1843 Howl Bitmap #cards 512 size 80 coarsen threshold 460 Card regions per heap region 1 cards per card region 2048
 CPUs: 8 total, 8 available
 Memory: 16221M
 Large Page Support: Disabled
 NUMA Support: Disabled
 Compressed Oops: Enabled (32-bit)
 Heap Region Size: 1M
 Heap Min Capacity: 8M
 Heap Initial Capacity: 254M
 Heap Max Capacity: 2G
 Pre-touch: Disabled
 Parallel Workers: 8
 Concurrent Workers: 2
 Concurrent Refinement Workers: 8
 Periodic GC: Disabled
Heap:
 garbage-first heap   total 451584K, used 208731K [0x0000000080000000, 0x0000000100000000)
  region size 1024K, 2 young (2048K), 2 survivors (2048K)
 Metaspace       used 154155K, committed 156416K, reserved 1245184K
  class space    used 20673K, committed 21824K, reserved 1048576K
GC Heap History (20 events):
Event: 28.283 GC heap after
{Heap after GC invocations=58 (full 0):
 garbage-first heap   total 296960K, used 153711K [0x0000000080000000, 0x0000000100000000)
  region size 1024K, 16 young (16384K), 16 survivors (16384K)
 Metaspace       used 136987K, committed 139136K, reserved 1179648K
  class space    used 18068K, committed 19136K, reserved 1048576K
}
Event: 29.102 GC heap before
{Heap before GC invocations=59 (full 0):
 garbage-first heap   total 296960K, used 262255K [0x0000000080000000, 0x0000000100000000)
  region size 1024K, 124 young (126976K), 16 survivors (16384K)
 Metaspace       used 142770K, committed 144960K, reserved 1179648K
  class space    used 18954K, committed 20032K, reserved 1048576K
}
Event: 29.123 GC heap after
{Heap after GC invocations=60 (full 0):
 garbage-first heap   total 296960K, used 168563K [0x0000000080000000, 0x0000000100000000)
  region size 1024K, 16 young (16384K), 16 survivors (16384K)
 Metaspace       used 142770K, committed 144960K, reserved 1179648K
  class space    used 18954K, committed 20032K, reserved 1048576K
}
Event: 29.558 GC heap before
{Heap before GC invocations=60 (full 0):
 garbage-first heap   total 296960K, used 263795K [0x0000000080000000, 0x0000000100000000)
  region size 1024K, 110 young (112640K), 16 survivors (16384K)
 Metaspace       used 146599K, committed 148800K, reserved 1179648K
  class space    used 19571K, committed 20672K, reserved 1048576K
}
Event: 29.582 GC heap after
{Heap after GC invocations=61 (full 0):
 garbage-first heap   total 297984K, used 178922K [0x0000000080000000, 0x0000000100000000)
  region size 1024K, 14 young (14336K), 14 survivors (14336K)
 Metaspace       used 146599K, committed 148800K, reserved 1179648K
  class space    used 19571K, committed 20672K, reserved 1048576K
}
Event: 29.803 GC heap before
{Heap before GC invocations=61 (full 0):
 garbage-first heap   total 297984K, used 265962K [0x0000000080000000, 0x0000000100000000)
  region size 1024K, 100 young (102400K), 14 survivors (14336K)
 Metaspace       used 147852K, committed 150080K, reserved 1179648K
  class space    used 19781K, committed 20864K, reserved 1048576K
}
Event: 29.827 GC heap after
{Heap after GC invocations=62 (full 0):
 garbage-first heap   total 300032K, used 197449K [0x0000000080000000, 0x0000000100000000)
  region size 1024K, 13 young (13312K), 13 survivors (13312K)
 Metaspace       used 147852K, committed 150080K, reserved 1179648K
  class space    used 19781K, committed 20864K, reserved 1048576K
}
Event: 30.383 GC heap before
{Heap before GC invocations=63 (full 0):
 garbage-first heap   total 367616K, used 266057K [0x0000000080000000, 0x0000000100000000)
  region size 1024K, 81 young (82944K), 13 survivors (13312K)
 Metaspace       used 151254K, committed 153472K, reserved 1245184K
  class space    used 20379K, committed 21504K, reserved 1048576K
}
Event: 30.401 GC heap after
{Heap after GC invocations=64 (full 0):
 garbage-first heap   total 367616K, used 206806K [0x0000000080000000, 0x0000000100000000)
  region size 1024K, 8 young (8192K), 8 survivors (8192K)
 Metaspace       used 151254K, committed 153472K, reserved 1245184K
  class space    used 20379K, committed 21504K, reserved 1048576K
}
Event: 31.114 GC heap before
{Heap before GC invocations=64 (full 0):
 garbage-first heap   total 367616K, used 323542K [0x0000000080000000, 0x0000000100000000)
  region size 1024K, 123 young (125952K), 8 survivors (8192K)
 Metaspace       used 153741K, committed 156032K, reserved 1245184K
  class space    used 20657K, committed 21824K, reserved 1048576K
}
Event: 32.131 GC heap after
{Heap after GC invocations=65 (full 0):
 garbage-first heap   total 451584K, used 204758K [0x0000000080000000, 0x0000000100000000)
  region size 1024K, 9 young (9216K), 9 survivors (9216K)
 Metaspace       used 153741K, committed 156032K, reserved 1245184K
  class space    used 20657K, committed 21824K, reserved 1048576K
}
Event: 32.170 GC heap before
{Heap before GC invocations=65 (full 0):
 garbage-first heap   total 451584K, used 218070K [0x0000000080000000, 0x0000000100000000)
  region size 1024K, 22 young (22528K), 9 survivors (9216K)
 Metaspace       used 153908K, committed 156224K, reserved 1245184K
  class space    used 20657K, committed 21824K, reserved 1048576K
}
Event: 32.182 GC heap after
{Heap after GC invocations=66 (full 0):
 garbage-first heap   total 451584K, used 206566K [0x0000000080000000, 0x0000000100000000)
  region size 1024K, 3 young (3072K), 3 survivors (3072K)
 Metaspace       used 153908K, committed 156224K, reserved 1245184K
  class space    used 20657K, committed 21824K, reserved 1048576K
}
Event: 32.382 GC heap before
{Heap before GC invocations=66 (full 0):
 garbage-first heap   total 451584K, used 224998K [0x0000000080000000, 0x0000000100000000)
  region size 1024K, 22 young (22528K), 3 survivors (3072K)
 Metaspace       used 153950K, committed 156224K, reserved 1245184K
  class space    used 20660K, committed 21824K, reserved 1048576K
}
Event: 32.389 GC heap after
{Heap after GC invocations=67 (full 0):
 garbage-first heap   total 451584K, used 207787K [0x0000000080000000, 0x0000000100000000)
  region size 1024K, 3 young (3072K), 3 survivors (3072K)
 Metaspace       used 153950K, committed 156224K, reserved 1245184K
  class space    used 20660K, committed 21824K, reserved 1048576K
}
Event: 32.569 GC heap before
{Heap before GC invocations=67 (full 0):
 garbage-first heap   total 451584K, used 227243K [0x0000000080000000, 0x0000000100000000)
  region size 1024K, 22 young (22528K), 3 survivors (3072K)
 Metaspace       used 154025K, committed 156288K, reserved 1245184K
  class space    used 20662K, committed 21824K, reserved 1048576K
}
Event: 32.576 GC heap after
{Heap after GC invocations=68 (full 0):
 garbage-first heap   total 451584K, used 209776K [0x0000000080000000, 0x0000000100000000)
  region size 1024K, 3 young (3072K), 3 survivors (3072K)
 Metaspace       used 154025K, committed 156288K, reserved 1245184K
  class space    used 20662K, committed 21824K, reserved 1048576K
}
Event: 32.626 GC heap before
{Heap before GC invocations=69 (full 0):
 garbage-first heap   total 451584K, used 229232K [0x0000000080000000, 0x0000000100000000)
  region size 1024K, 22 young (22528K), 3 survivors (3072K)
 Metaspace       used 154088K, committed 156352K, reserved 1245184K
  class space    used 20665K, committed 21824K, reserved 1048576K
}
Event: 32.630 GC heap after
{Heap after GC invocations=70 (full 0):
 garbage-first heap   total 451584K, used 209265K [0x0000000080000000, 0x0000000100000000)
  region size 1024K, 2 young (2048K), 2 survivors (2048K)
 Metaspace       used 154088K, committed 156352K, reserved 1245184K
  class space    used 20665K, committed 21824K, reserved 1048576K
}
Event: 32.710 GC heap before
{Heap before GC invocations=70 (full 0):
 garbage-first heap   total 451584K, used 229745K [0x0000000080000000, 0x0000000100000000)
  region size 1024K, 22 young (22528K), 2 survivors (2048K)
 Metaspace       used 154155K, committed 156416K, reserved 1245184K
  class space    used 20673K, committed 21824K, reserved 1048576K
}

